[LOG] System::create                           : Header version = 2.01.07. Current version = 2.01.07.
[LOG] Manager::init                            : maxchannels = 256 studioflags = 00000006 flags 00000000 extradriverdata 0x0.
[LOG] SystemI::init                            : Initialize version=20107 (113487), maxchannels=256, flags=0x00020000
[LOG] SystemI::setOutputInternal               : Setting output to 'FMOD Core Audio Output'
[LOG] OutputCoreAudio::init                    : Output running 2 channels at 44100Hz sample rate.
[LOG] OutputCoreAudio::init                    : Maximum hardware read size: 1024 samples, Software buffer size: 512 samples, Number of software buffers: 4.
[LOG] SystemI::init                            : Output requires a sample rate of 44100Hz, resampling will occur.
[LOG] Thread::initThread                       : Init FMOD stream thread. Affinity: 0x8000000000000003, Priority: 0xFFFF7FFB, Stack Size: 98304, Semaphore: No, Sleep Time: 10, Looping: Yes.
[LOG] Thread::initThread                       : Init FMOD mixer thread. Affinity: 0x8000000000000001, Priority: 0xFFFF7FFA, Stack Size: 81920, Semaphore: Yes, Sleep Time: 0, Looping: Yes.
[LOG] AsyncManager::init                       : manager 0x7f8b4a4f6c08 isAsync 0 updatePeriod 0.02
[LOG] AsyncManager::init                       : done
[LOG] PlaybackSystem::init                     : 
[LOG] Thread::initThread                       : Init FMOD Studio sample load thread. Affinity: 0x8000000000000003, Priority: 0xFFFF7FFD, Stack Size: 98304, Semaphore: No, Sleep Time: 1, Looping: No.
[LOG] PlaybackSystem::init                     : done
[LOG] Thread::initThread                       : Init FMOD Studio bank load thread. Affinity: 0x8000000000000003, Priority: 0xFFFF7FFD, Stack Size: 98304, Semaphore: No, Sleep Time: 1, Looping: No.
[LOG] Manager::init                            : done.
[LOG] Manager::readBank                        : fileversion = 123, compatVersion = 119 (oldest = 44, newest = 135)
[LOG] SystemI::createSoundInternal             : Create name='', mode=0x02000202
[LOG] SystemI::createSoundInternal             : exinfo->cbsize             = 224
[LOG] SystemI::createSoundInternal             : exinfo->length             = 221920
[LOG] SystemI::createSoundInternal             : exinfo->fileoffset         = 4352
[LOG] SystemI::createSoundInternal             : exinfo->numsubsounds       = 1
[LOG] SystemI::createSoundInternal             : exinfo->inclusionlist      = 0x700009426894
[LOG] SystemI::createSoundInternal             : exinfo->inclusionlistnum   = 1
[LOG] SystemI::createSoundInternal             : exinfo->suggestedsoundtype = 5
[LOG] SystemI::createSoundInternal             : exinfo->useropen           = 0x14e0927fa
[LOG] SystemI::createSoundInternal             : exinfo->userclose          = 0x14e0928b1
[LOG] SystemI::createSoundInternal             : exinfo->userread           = 0x14e0928de
[LOG] SystemI::createSoundInternal             : exinfo->userseek           = 0x14e092982
[LOG] SystemI::createSoundInternal             : exinfo->fileuserdata       = 0x7f8b42d2e7c8
[LOG] SystemI::createSoundInternal             : exinfo->initialseekpostype = 1
[LOG] SystemI::DSPCodecPoolRegister            : register codec pool for pool type 5
[LOG] SystemI::createSoundInternal             : Sample 0/1: name='FS_Concrete_03', format=5, channels=1, frequency=48000, lengthbytes=6240, lengthpcm=34515, pcmblocksize=0, loopstart=0, loopend=0, mode=0x00000000, channelmask=0x00000000, channelorder=0, peakvolume=0.312683.
[LOG] SystemI::createSoundInternal             : Create name='', mode=0x02000202
[LOG] SystemI::createSoundInternal             : exinfo->cbsize             = 224
[LOG] SystemI::createSoundInternal             : exinfo->length             = 221920
[LOG] SystemI::createSoundInternal             : exinfo->fileoffset         = 4352
[LOG] SystemI::createSoundInternal             : exinfo->numsubsounds       = 1
[LOG] SystemI::createSoundInternal             : exinfo->inclusionlist      = 0x700009426894
[LOG] SystemI::createSoundInternal             : exinfo->inclusionlistnum   = 1
[LOG] SystemI::createSoundInternal             : exinfo->suggestedsoundtype = 5
[LOG] SystemI::createSoundInternal             : exinfo->useropen           = 0x14e0927fa
[LOG] SystemI::createSoundInternal             : exinfo->userclose          = 0x14e0928b1
[LOG] SystemI::createSoundInternal             : exinfo->userread           = 0x14e0928de
[LOG] SystemI::createSoundInternal             : exinfo->userseek           = 0x14e092982
[LOG] SystemI::createSoundInternal             : exinfo->fileuserdata       = 0x7f8b42d2e7c8
[LOG] SystemI::createSoundInternal             : exinfo->initialseekpostype = 1
[LOG] SystemI::DSPCodecPoolRegister            : register codec pool for pool type 5
[LOG] SystemI::createSoundInternal             : Sample 0/1: name='FS_Concrete_02', format=5, channels=1, frequency=48000, lengthbytes=5472, lengthpcm=29905, pcmblocksize=0, loopstart=0, loopend=0, mode=0x00000000, channelmask=0x00000000, channelorder=0, peakvolume=0.420105.
[LOG] SystemI::createSoundInternal             : Create name='', mode=0x02000202
[LOG] SystemI::createSoundInternal             : exinfo->cbsize             = 224
[LOG] SystemI::createSoundInternal             : exinfo->length             = 221920
[LOG] SystemI::createSoundInternal             : exinfo->fileoffset         = 4352
[LOG] SystemI::createSoundInternal             : exinfo->numsubsounds       = 1
[LOG] SystemI::createSoundInternal             : exinfo->inclusionlist      = 0x700009426894
[LOG] SystemI::createSoundInternal             : exinfo->inclusionlistnum   = 1
[LOG] SystemI::createSoundInternal             : exinfo->suggestedsoundtype = 5
[LOG] SystemI::createSoundInternal             : exinfo->useropen           = 0x14e0927fa
[LOG] SystemI::createSoundInternal             : exinfo->userclose          = 0x14e0928b1
[LOG] SystemI::createSoundInternal             : exinfo->userread           = 0x14e0928de
[LOG] SystemI::createSoundInternal             : exinfo->userseek           = 0x14e092982
[LOG] SystemI::createSoundInternal             : exinfo->fileuserdata       = 0x7f8b42d2e7c8
[LOG] SystemI::createSoundInternal             : exinfo->initialseekpostype = 1
[LOG] SystemI::DSPCodecPoolRegister            : register codec pool for pool type 5
[LOG] SystemI::createSoundInternal             : Sample 0/1: name='FS_Concrete_01', format=5, channels=1, frequency=48000, lengthbytes=4224, lengthpcm=23322, pcmblocksize=0, loopstart=0, loopend=0, mode=0x00000000, channelmask=0x00000000, channelorder=0, peakvolume=0.287476.
[LOG] SystemI::createSoundInternal             : Create name='', mode=0x02000202
[LOG] SystemI::createSoundInternal             : exinfo->cbsize             = 224
[LOG] SystemI::createSoundInternal             : exinfo->length             = 221920
[LOG] SystemI::createSoundInternal             : exinfo->fileoffset         = 4352
[LOG] SystemI::createSoundInternal             : exinfo->numsubsounds       = 1
[LOG] SystemI::createSoundInternal             : exinfo->inclusionlist      = 0x700009426894
[LOG] SystemI::createSoundInternal             : exinfo->inclusionlistnum   = 1
[LOG] SystemI::createSoundInternal             : exinfo->suggestedsoundtype = 5
[LOG] SystemI::createSoundInternal             : exinfo->useropen           = 0x14e0927fa
[LOG] SystemI::createSoundInternal             : exinfo->userclose          = 0x14e0928b1
[LOG] SystemI::createSoundInternal             : exinfo->userread           = 0x14e0928de
[LOG] SystemI::createSoundInternal             : exinfo->userseek           = 0x14e092982
[LOG] SystemI::createSoundInternal             : exinfo->fileuserdata       = 0x7f8b42d2e7c8
[LOG] SystemI::createSoundInternal             : exinfo->initialseekpostype = 1
[LOG] SystemI::DSPCodecPoolRegister            : register codec pool for pool type 5
[LOG] SystemI::createSoundInternal             : Sample 0/1: name='FS_Concrete_04', format=5, channels=1, frequency=48000, lengthbytes=4160, lengthpcm=21291, pcmblocksize=0, loopstart=0, loopend=0, mode=0x00000000, channelmask=0x00000000, channelorder=0, peakvolume=0.429169.
[LOG] Manager::readBank                        : fileversion = 123, compatVersion = 119 (oldest = 44, newest = 135)
[LOG] AsyncThread::threadFunc                  : Starting Asynchronous operation on sound 0x7f8b42a52738
[LOG] AsyncThread::threadFunc                  : Finished Asynchronous operation on sound 0x7f8b42a52738
[LOG] Manager::readBank                        : fileversion = 123, compatVersion = 119 (oldest = 44, newest = 135)
[LOG] SystemI::createSound                     : filename = FMOD RAV3/Build/Desktop/Master.bank : mode 02010082
[LOG] SystemI::createSound                     : FMOD_NONBLOCKING specified.  Putting into queue to be opened asynchronously!
[LOG] SystemI::createSound                     : setdata soundi = 0x7f8b3a37bcd8 : node = 0x7f8b40facc30
[LOG] SystemI::createSound                     : add node to async list : head = 0x7f8b452e8f88.  list count = 0
[LOG] SystemI::createSound                     : filename = FMOD RAV3/Build/Desktop/Master.bank : mode 02010082
[LOG] SystemI::createSound                     : FMOD_NONBLOCKING specified.  Putting into queue to be opened asynchronously!
[LOG] AsyncThread::threadFunc                  : Starting Asynchronous operation on sound 0x7f8b3a37bcd8
[LOG] SystemI::createSound                     : setdata soundi = 0x7f8b38f82388 : node = 0x7f8b4099acb0
[LOG] SystemI::createSoundInternal             :     Create name='FMOD RAV3/Build/Desktop/Master.bank', mode=0x02010082
[LOG] SystemI::createSound                     :     add node to async list : head = 0x7f8b452e8f88.  list count = 0
[LOG] SystemI::createSoundInternal             :     exinfo->cbsize             = 224
[LOG] SystemI::createSoundInternal             :     exinfo->length             = 221920
[LOG] SystemI::createSoundInternal             :     exinfo->fileoffset         = 4352
[LOG] SystemI::createSoundInternal             :     exinfo->numsubsounds       = 1
[LOG] SystemI::createSound                     :     filename = FMOD RAV3/Build/Desktop/Master.bank : mode 02010082
[LOG] SystemI::createSoundInternal             :     exinfo->inclusionlist      = 0x7f8b40facd40
[LOG] SystemI::createSound                     :     FMOD_NONBLOCKING specified.  Putting into queue to be opened asynchronously!
[LOG] SystemI::createSoundInternal             :     exinfo->inclusionlistnum   = 1
[LOG] SystemI::createSound                     :     setdata soundi = 0x7f8b4551efd8 : node = 0x7f8b454d97d0
[LOG] SystemI::createSoundInternal             :     exinfo->suggestedsoundtype = 5
[LOG] SystemI::createSound                     :     add node to async list : head = 0x7f8b452e8f88.  list count = 1
[LOG] SystemI::createSoundInternal             :     exinfo->initialseekposition = 500
[LOG] SystemI::createSoundInternal             :     exinfo->initialseekpostype = 1
[LOG] SystemI::createSound                     :     filename = FMOD RAV3/Build/Desktop/Master.bank : mode 02010082
[LOG] SystemI::createSound                     :     FMOD_NONBLOCKING specified.  Putting into queue to be opened asynchronously!
[LOG] SystemI::createSound                     :     setdata soundi = 0x7f8b4087ca58 : node = 0x7f8b40e9ae60
[LOG] SystemI::createSound                     :     add node to async list : head = 0x7f8b452e8f88.  list count = 2
[LOG] SystemI::createSoundInternal             :     Stream 0/1: name='TXT noise Radiator vv', format=5, channels=2, frequency=48000, lengthbytes=201376, lengthpcm=738587, pcmblocksize=0, loopstart=0, loopend=0, mode=0x00000000, channelmask=0x00000000, channelorder=0, peakvolume=1.000000.
[LOG] SystemI::createSound                     :     filename = FMOD RAV3/Build/Desktop/Master.bank : mode 02010082
[LOG] SystemI::createSound                     :     FMOD_NONBLOCKING specified.  Putting into queue to be opened asynchronously!
[LOG] SystemI::createSound                     :     setdata soundi = 0x7f8b409299d8 : node = 0x7f8b54311c30
[LOG] SystemI::createSound                     :     add node to async list : head = 0x7f8b452e8f88.  list count = 3
[LOG] AsyncThread::threadFunc                  : Finished Asynchronous operation on sound 0x7f8b3a37bcd8
[LOG] AsyncThread::threadFunc                  : Starting Asynchronous operation on sound 0x7f8b38f82388
[LOG] SystemI::createSoundInternal             :     Create name='FMOD RAV3/Build/Desktop/Master.bank', mode=0x02010082
[LOG] SystemI::createSoundInternal             :     exinfo->cbsize             = 224
[LOG] SystemI::createSoundInternal             :     exinfo->length             = 221920
[LOG] SystemI::createSoundInternal             :     exinfo->fileoffset         = 4352
[LOG] SystemI::createSoundInternal             :     exinfo->numsubsounds       = 1
[LOG] SystemI::createSoundInternal             :     exinfo->inclusionlist      = 0x7f8b4099adc0
[LOG] SystemI::createSoundInternal             :     exinfo->inclusionlistnum   = 1
[LOG] SystemI::createSoundInternal             :     exinfo->suggestedsoundtype = 5
[LOG] SystemI::createSoundInternal             :     exinfo->initialseekposition = 500
[LOG] SystemI::createSoundInternal             :     exinfo->initialseekpostype = 1
[LOG] SystemI::createSoundInternal             :     Stream 0/1: name='TXT noise Radiator vv', format=5, channels=2, frequency=48000, lengthbytes=201376, lengthpcm=738587, pcmblocksize=0, loopstart=0, loopend=0, mode=0x00000000, channelmask=0x00000000, channelorder=0, peakvolume=1.000000.
[LOG] AsyncThread::threadFunc                  : Finished Asynchronous operation on sound 0x7f8b38f82388
[LOG] AsyncThread::threadFunc                  : Starting Asynchronous operation on sound 0x7f8b4551efd8
[LOG] SystemI::createSoundInternal             :     Create name='FMOD RAV3/Build/Desktop/Master.bank', mode=0x02010082
[LOG] SystemI::createSoundInternal             :     exinfo->cbsize             = 224
[LOG] SystemI::createSoundInternal             :     exinfo->length             = 221920
[LOG] SystemI::createSoundInternal             :     exinfo->fileoffset         = 4352
[LOG] SystemI::createSoundInternal             :     exinfo->numsubsounds       = 1
[LOG] SystemI::createSoundInternal             :     exinfo->inclusionlist      = 0x7f8b454d98e0
[LOG] SystemI::createSoundInternal             :     exinfo->inclusionlistnum   = 1
[LOG] SystemI::createSoundInternal             :     exinfo->suggestedsoundtype = 5
[LOG] SystemI::createSoundInternal             :     exinfo->initialseekposition = 500
[LOG] SystemI::createSoundInternal             :     exinfo->initialseekpostype = 1
[LOG] SystemI::createSoundInternal             :     Stream 0/1: name='TXT noise Radiator vv', format=5, channels=2, frequency=48000, lengthbytes=201376, lengthpcm=738587, pcmblocksize=0, loopstart=0, loopend=0, mode=0x00000000, channelmask=0x00000000, channelorder=0, peakvolume=1.000000.
[LOG] AsyncThread::threadFunc                  : Finished Asynchronous operation on sound 0x7f8b4551efd8
[LOG] AsyncThread::threadFunc                  : Starting Asynchronous operation on sound 0x7f8b4087ca58
[LOG] SystemI::createSoundInternal             :     Create name='FMOD RAV3/Build/Desktop/Master.bank', mode=0x02010082
[LOG] SystemI::createSoundInternal             :     exinfo->cbsize             = 224
[LOG] SystemI::createSoundInternal             :     exinfo->length             = 221920
[LOG] SystemI::createSoundInternal             :     exinfo->fileoffset         = 4352
[LOG] SystemI::createSoundInternal             :     exinfo->numsubsounds       = 1
[LOG] SystemI::createSoundInternal             :     exinfo->inclusionlist      = 0x7f8b40e9af70
[LOG] SystemI::createSoundInternal             :     exinfo->inclusionlistnum   = 1
[LOG] SystemI::createSoundInternal             :     exinfo->suggestedsoundtype = 5
[LOG] SystemI::createSoundInternal             :     exinfo->initialseekposition = 500
[LOG] SystemI::createSoundInternal             :     exinfo->initialseekpostype = 1
[LOG] SystemI::createSoundInternal             :     Stream 0/1: name='TXT noise Radiator vv', format=5, channels=2, frequency=48000, lengthbytes=201376, lengthpcm=738587, pcmblocksize=0, loopstart=0, loopend=0, mode=0x00000000, channelmask=0x00000000, channelorder=0, peakvolume=1.000000.
[LOG] AsyncThread::threadFunc                  : Finished Asynchronous operation on sound 0x7f8b4087ca58
[LOG] AsyncThread::threadFunc                  : Starting Asynchronous operation on sound 0x7f8b409299d8
[LOG] SystemI::createSoundInternal             :     Create name='FMOD RAV3/Build/Desktop/Master.bank', mode=0x02010082
[LOG] SystemI::createSoundInternal             :     exinfo->cbsize             = 224
[LOG] SystemI::createSoundInternal             :     exinfo->length             = 221920
[LOG] SystemI::createSoundInternal             :     exinfo->fileoffset         = 4352
[LOG] SystemI::createSoundInternal             :     exinfo->numsubsounds       = 1
[LOG] SystemI::createSoundInternal             :     exinfo->inclusionlist      = 0x7f8b54311d40
[LOG] SystemI::createSoundInternal             :     exinfo->inclusionlistnum   = 1
[LOG] SystemI::createSoundInternal             :     exinfo->suggestedsoundtype = 5
[LOG] SystemI::createSoundInternal             :     exinfo->initialseekposition = 500
[LOG] SystemI::createSoundInternal             :     exinfo->initialseekpostype = 1
[LOG] SystemI::createSoundInternal             :     Stream 0/1: name='TXT noise Radiator vv', format=5, channels=2, frequency=48000, lengthbytes=201376, lengthpcm=738587, pcmblocksize=0, loopstart=0, loopend=0, mode=0x00000000, channelmask=0x00000000, channelorder=0, peakvolume=1.000000.
[LOG] AsyncThread::threadFunc                  : Finished Asynchronous operation on sound 0x7f8b409299d8
[LOG] SoundI::release                          : TXT noise Radiator vv (0x7f8b45125e18)
[LOG] SoundI::release                          :     TXT noise Radiator vv (0x7f8b3f626488)
[LOG] SoundI::release                          :     TXT noise Radiator vv (0x7f8b540df108)
[LOG] SoundI::release                          : TXT noise Radiator vv (0x7f8b4529e528)
[LOG] SoundI::release                          :     TXT noise Radiator vv (0x7f8b3f4a9108)
[LOG] SoundI::release                          :     TXT noise Radiator vv (0x7f8b42a52738)
[LOG] SoundI::release                          : TXT noise Radiator vv (0x7f8b40e3ee38)
[LOG] SoundI::release                          :     TXT noise Radiator vv (0x7f8b52f73278)
[LOG] SoundI::release                          :     TXT noise Radiator vv (0x7f8b40b06a38)
[LOG] SoundI::release                          : TXT noise Radiator vv (0x7f8b45127858)
[LOG] SoundI::release                          :     TXT noise Radiator vv (0x7f8b42c90f18)
[LOG] SoundI::release                          :     TXT noise Radiator vv (0x7f8b42ca2368)
[LOG] SoundI::release                          : TXT noise Radiator vv (0x7f8b45126628)
[LOG] SoundI::release                          :     TXT noise Radiator vv (0x7f8b52d95a58)
[LOG] SoundI::release                          :     TXT noise Radiator vv (0x7f8b4099bd18)
[LOG] Manager::readBank                        : fileversion = 123, compatVersion = 119 (oldest = 44, newest = 135)
[LOG] Manager::readBank                        : fileversion = 123, compatVersion = 119 (oldest = 44, newest = 135)
[LOG] Manager::readBank                        : fileversion = 123, compatVersion = 119 (oldest = 44, newest = 135)
[LOG] PlaybackSystem::acquireMasterBus         : Setting master channel group format to 6
[LOG] AsyncThread::threadFunc                  : Starting Asynchronous operation on sound 0x7f8b3f5ee848
[LOG] AsyncThread::threadFunc                  : Finished Asynchronous operation on sound 0x7f8b3f5ee848
[LOG] AsyncThread::threadFunc                  : Starting Asynchronous operation on sound 0x7f8b3f5ee848
[LOG] AsyncThread::threadFunc                  : Finished Asynchronous operation on sound 0x7f8b3f5ee848
[LOG] AsyncThread::threadFunc                  : Starting Asynchronous operation on sound 0x7f8b451bd308
[LOG] AsyncThread::threadFunc                  : Finished Asynchronous operation on sound 0x7f8b451bd308
[LOG] SystemI::createSound                     : filename = FMOD RAV3/Build/Desktop/Master.bank : mode 02010082
[LOG] SystemI::createSound                     : FMOD_NONBLOCKING specified.  Putting into queue to be opened asynchronously!
[LOG] SystemI::createSound                     : setdata soundi = 0x7f8b4528a638 : node = 0x7f8b4528a7f0
[LOG] SystemI::createSound                     : add node to async list : head = 0x7f8b452e8f88.  list count = 0
[LOG] AsyncThread::threadFunc                  : Starting Asynchronous operation on sound 0x7f8b4528a638
[LOG] SystemI::createSoundInternal             :     Create name='FMOD RAV3/Build/Desktop/Master.bank', mode=0x02010082
[LOG] SystemI::createSound                     :     filename = FMOD RAV3/Build/Desktop/Master.bank : mode 02010082
[LOG] SystemI::createSoundInternal             :     exinfo->cbsize             = 224
[LOG] SystemI::createSound                     :     FMOD_NONBLOCKING specified.  Putting into queue to be opened asynchronously!
[LOG] SystemI::createSoundInternal             :     exinfo->length             = 221920
[LOG] SystemI::createSound                     :     setdata soundi = 0x7f8b3dd6d4f8 : node = 0x7f8b3da313f0
[LOG] SystemI::createSoundInternal             :     exinfo->fileoffset         = 4352
[LOG] SystemI::createSound                     :     add node to async list : head = 0x7f8b452e8f88.  list count = 0
[LOG] SystemI::createSoundInternal             :     exinfo->numsubsounds       = 1
[LOG] SystemI::createSoundInternal             :     exinfo->inclusionlist      = 0x7f8b4528a900
[LOG] SystemI::createSoundInternal             :     exinfo->inclusionlistnum   = 1
[LOG] SystemI::createSoundInternal             :     exinfo->suggestedsoundtype = 5
[LOG] SystemI::createSoundInternal             :     exinfo->initialseekposition = 500
[LOG] SystemI::createSound                     :     filename = FMOD RAV3/Build/Desktop/Master.bank : mode 02010082
[LOG] SystemI::createSoundInternal             :     exinfo->initialseekpostype = 1
[LOG] SystemI::createSound                     :     FMOD_NONBLOCKING specified.  Putting into queue to be opened asynchronously!
[LOG] SystemI::createSound                     :     setdata soundi = 0x7f8b3dca7758 : node = 0x7f8b3dd1ad40
[LOG] SystemI::createSound                     :     add node to async list : head = 0x7f8b452e8f88.  list count = 1
[LOG] SystemI::createSound                     :     filename = FMOD RAV3/Build/Desktop/Master.bank : mode 02010082
[LOG] SystemI::createSound                     :     FMOD_NONBLOCKING specified.  Putting into queue to be opened asynchronously!
[LOG] SystemI::createSoundInternal             :     Stream 0/1: name='TXT noise Radiator vv', format=5, channels=2, frequency=48000, lengthbytes=201376, lengthpcm=738587, pcmblocksize=0, loopstart=0, loopend=0, mode=0x00000000, channelmask=0x00000000, channelorder=0, peakvolume=1.000000.
[LOG] SystemI::createSound                     :     setdata soundi = 0x7f8b3f4562e8 : node = 0x7f8b451c0960
[LOG] SystemI::createSound                     :     add node to async list : head = 0x7f8b452e8f88.  list count = 2
[LOG] SystemI::createSound                     :     filename = FMOD RAV3/Build/Desktop/Master.bank : mode 02010082
[LOG] SystemI::createSound                     :     FMOD_NONBLOCKING specified.  Putting into queue to be opened asynchronously!
[LOG] SystemI::createSound                     :     setdata soundi = 0x7f8b452f3428 : node = 0x7f8b452f35e0
[LOG] SystemI::createSound                     :     add node to async list : head = 0x7f8b452e8f88.  list count = 3
[LOG] AsyncThread::threadFunc                  : Finished Asynchronous operation on sound 0x7f8b4528a638
[LOG] AsyncThread::threadFunc                  : Starting Asynchronous operation on sound 0x7f8b3dd6d4f8
[LOG] SystemI::createSoundInternal             :     Create name='FMOD RAV3/Build/Desktop/Master.bank', mode=0x02010082
[LOG] SystemI::createSoundInternal             :     exinfo->cbsize             = 224
[LOG] SystemI::createSoundInternal             :     exinfo->length             = 221920
[LOG] SystemI::createSoundInternal             :     exinfo->fileoffset         = 4352
[LOG] SystemI::createSoundInternal             :     exinfo->numsubsounds       = 1
[LOG] SystemI::createSoundInternal             :     exinfo->inclusionlist      = 0x7f8b3da31500
[LOG] SystemI::createSoundInternal             :     exinfo->inclusionlistnum   = 1
[LOG] SystemI::createSoundInternal             :     exinfo->suggestedsoundtype = 5
[LOG] SystemI::createSoundInternal             :     exinfo->initialseekposition = 500
[LOG] SystemI::createSoundInternal             :     exinfo->initialseekpostype = 1
[LOG] SystemI::createSoundInternal             :     Stream 0/1: name='TXT noise Radiator vv', format=5, channels=2, frequency=48000, lengthbytes=201376, lengthpcm=738587, pcmblocksize=0, loopstart=0, loopend=0, mode=0x00000000, channelmask=0x00000000, channelorder=0, peakvolume=1.000000.
[LOG] AsyncThread::threadFunc                  : Finished Asynchronous operation on sound 0x7f8b3dd6d4f8
[LOG] AsyncThread::threadFunc                  : Starting Asynchronous operation on sound 0x7f8b3dca7758
[LOG] SystemI::createSoundInternal             :     Create name='FMOD RAV3/Build/Desktop/Master.bank', mode=0x02010082
[LOG] SystemI::createSoundInternal             :     exinfo->cbsize             = 224
[LOG] SystemI::createSoundInternal             :     exinfo->length             = 221920
[LOG] SystemI::createSoundInternal             :     exinfo->fileoffset         = 4352
[LOG] SystemI::createSoundInternal             :     exinfo->numsubsounds       = 1
[LOG] SystemI::createSoundInternal             :     exinfo->inclusionlist      = 0x7f8b3dd1ae50
[LOG] SystemI::createSoundInternal             :     exinfo->inclusionlistnum   = 1
[LOG] SystemI::createSoundInternal             :     exinfo->suggestedsoundtype = 5
[LOG] SystemI::createSoundInternal             :     exinfo->initialseekposition = 500
[LOG] SystemI::createSoundInternal             :     exinfo->initialseekpostype = 1
[LOG] SystemI::createSoundInternal             :     Stream 0/1: name='TXT noise Radiator vv', format=5, channels=2, frequency=48000, lengthbytes=201376, lengthpcm=738587, pcmblocksize=0, loopstart=0, loopend=0, mode=0x00000000, channelmask=0x00000000, channelorder=0, peakvolume=1.000000.
[LOG] AsyncThread::threadFunc                  : Finished Asynchronous operation on sound 0x7f8b3dca7758
[LOG] AsyncThread::threadFunc                  : Starting Asynchronous operation on sound 0x7f8b3f4562e8
[LOG] SystemI::createSoundInternal             :     Create name='FMOD RAV3/Build/Desktop/Master.bank', mode=0x02010082
[LOG] SystemI::createSoundInternal             :     exinfo->cbsize             = 224
[LOG] SystemI::createSoundInternal             :     exinfo->length             = 221920
[LOG] SystemI::createSoundInternal             :     exinfo->fileoffset         = 4352
[LOG] SystemI::createSoundInternal             :     exinfo->numsubsounds       = 1
[LOG] SystemI::createSoundInternal             :     exinfo->inclusionlist      = 0x7f8b451c0a70
[LOG] SystemI::createSoundInternal             :     exinfo->inclusionlistnum   = 1
[LOG] SystemI::createSoundInternal             :     exinfo->suggestedsoundtype = 5
[LOG] SystemI::createSoundInternal             :     exinfo->initialseekposition = 500
[LOG] SystemI::createSoundInternal             :     exinfo->initialseekpostype = 1
[LOG] SystemI::createSoundInternal             :     Stream 0/1: name='TXT noise Radiator vv', format=5, channels=2, frequency=48000, lengthbytes=201376, lengthpcm=738587, pcmblocksize=0, loopstart=0, loopend=0, mode=0x00000000, channelmask=0x00000000, channelorder=0, peakvolume=1.000000.
[LOG] AsyncThread::threadFunc                  : Finished Asynchronous operation on sound 0x7f8b3f4562e8
[LOG] AsyncThread::threadFunc                  : Starting Asynchronous operation on sound 0x7f8b452f3428
[LOG] SystemI::createSoundInternal             :     Create name='FMOD RAV3/Build/Desktop/Master.bank', mode=0x02010082
[LOG] SystemI::createSoundInternal             :     exinfo->cbsize             = 224
[LOG] SystemI::createSoundInternal             :     exinfo->length             = 221920
[LOG] SystemI::createSoundInternal             :     exinfo->fileoffset         = 4352
[LOG] SystemI::createSoundInternal             :     exinfo->numsubsounds       = 1
[LOG] SystemI::createSoundInternal             :     exinfo->inclusionlist      = 0x7f8b452f36f0
[LOG] SystemI::createSoundInternal             :     exinfo->inclusionlistnum   = 1
[LOG] SystemI::createSoundInternal             :     exinfo->suggestedsoundtype = 5
[LOG] SystemI::createSoundInternal             :     exinfo->initialseekposition = 500
[LOG] SystemI::createSoundInternal             :     exinfo->initialseekpostype = 1
[LOG] SystemI::createSoundInternal             :     Stream 0/1: name='TXT noise Radiator vv', format=5, channels=2, frequency=48000, lengthbytes=201376, lengthpcm=738587, pcmblocksize=0, loopstart=0, loopend=0, mode=0x00000000, channelmask=0x00000000, channelorder=0, peakvolume=1.000000.
[LOG] AsyncThread::threadFunc                  : Finished Asynchronous operation on sound 0x7f8b452f3428
[LOG] SoundI::release                          : TXT noise Radiator vv (0x7f8b4087ca58)
[LOG] SoundI::release                          :     TXT noise Radiator vv (0x7f8b3f52de38)
[LOG] SoundI::release                          :     TXT noise Radiator vv (0x7f8b3f5ee848)
[LOG] SoundI::release                          : TXT noise Radiator vv (0x7f8b4551efd8)
[LOG] SoundI::release                          :     TXT noise Radiator vv (0x7f8b451c2348)
[LOG] SoundI::release                          :     TXT noise Radiator vv (0x7f8b451c1ba8)
[LOG] SoundI::release                          : TXT noise Radiator vv (0x7f8b38f82388)
[LOG] SoundI::release                          :     TXT noise Radiator vv (0x7f8b451ba178)
[LOG] SoundI::release                          :     TXT noise Radiator vv (0x7f8b451bd308)
[LOG] SoundI::release                          : TXT noise Radiator vv (0x7f8b3a37bcd8)
[LOG] SoundI::release                          :     TXT noise Radiator vv (0x7f8b3f5255b8)
[LOG] SoundI::release                          :     TXT noise Radiator vv (0x7f8b451b9f78)
[LOG] SoundI::release                          : TXT noise Radiator vv (0x7f8b409299d8)
[LOG] SoundI::release                          :     TXT noise Radiator vv (0x7f8b3f589fb8)
[LOG] SoundI::release                          :     TXT noise Radiator vv (0x7f8b40aa2b28)
[LOG] AsyncThread::threadFunc                  : Starting Asynchronous operation on sound 0x7f8b3f0db9e8
[LOG] AsyncThread::threadFunc                  : Finished Asynchronous operation on sound 0x7f8b3f0db9e8
[LOG] AsyncThread::threadFunc                  : Starting Asynchronous operation on sound 0x7f8b3cfbc378
[LOG] AsyncThread::threadFunc                  : Finished Asynchronous operation on sound 0x7f8b3cfbc378
[LOG] SystemI::createSound                     : filename = FMOD RAV3/Build/Desktop/Master.bank : mode 02010082
[LOG] SystemI::createSound                     : FMOD_NONBLOCKING specified.  Putting into queue to be opened asynchronously!
[LOG] SystemI::createSound                     : setdata soundi = 0x7f8b40b995c8 : node = 0x7f8b42c09710
[LOG] SystemI::createSound                     : add node to async list : head = 0x7f8b452e8f88.  list count = 0
[LOG] AsyncThread::threadFunc                  : Starting Asynchronous operation on sound 0x7f8b40b995c8
[LOG] SystemI::createSoundInternal             :     Create name='FMOD RAV3/Build/Desktop/Master.bank', mode=0x02010082
[LOG] SystemI::createSoundInternal             :     exinfo->cbsize             = 224
[LOG] SystemI::createSoundInternal             :     exinfo->length             = 221920
[LOG] SystemI::createSoundInternal             :     exinfo->fileoffset         = 4352
[LOG] SystemI::createSound                     :     filename = FMOD RAV3/Build/Desktop/Master.bank : mode 02010082
[LOG] SystemI::createSoundInternal             :     exinfo->numsubsounds       = 1
[LOG] SystemI::createSound                     :     FMOD_NONBLOCKING specified.  Putting into queue to be opened asynchronously!
[LOG] SystemI::createSoundInternal             :     exinfo->inclusionlist      = 0x7f8b42c09820
[LOG] SystemI::createSound                     :     setdata soundi = 0x7f8b40c410d8 : node = 0x7f8b429d89f0
[LOG] SystemI::createSoundInternal             :     exinfo->inclusionlistnum   = 1
[LOG] SystemI::createSound                     :     add node to async list : head = 0x7f8b452e8f88.  list count = 0
[LOG] SystemI::createSoundInternal             :     exinfo->suggestedsoundtype = 5
[LOG] SystemI::createSoundInternal             :     exinfo->initialseekposition = 500
[LOG] SystemI::createSoundInternal             :     exinfo->initialseekpostype = 1
[LOG] SystemI::createSound                     :     filename = FMOD RAV3/Build/Desktop/Master.bank : mode 02010082
[LOG] SystemI::createSound                     :     FMOD_NONBLOCKING specified.  Putting into queue to be opened asynchronously!
[LOG] SystemI::createSound                     :     setdata soundi = 0x7f8b451b9f78 : node = 0x7f8b3f52de50
[LOG] SystemI::createSound                     :     add node to async list : head = 0x7f8b452e8f88.  list count = 1
[LOG] SystemI::createSound                     :     filename = FMOD RAV3/Build/Desktop/Master.bank : mode 02010082
[LOG] SystemI::createSound                     :     FMOD_NONBLOCKING specified.  Putting into queue to be opened asynchronously!
[LOG] SystemI::createSoundInternal             :     Stream 0/1: name='TXT noise Radiator vv', format=5, channels=2, frequency=48000, lengthbytes=201376, lengthpcm=738587, pcmblocksize=0, loopstart=0, loopend=0, mode=0x00000000, channelmask=0x00000000, channelorder=0, peakvolume=1.000000.
[LOG] SystemI::createSound                     :     setdata soundi = 0x7f8b451bd308 : node = 0x7f8b451ba190
[LOG] SystemI::createSound                     :     add node to async list : head = 0x7f8b452e8f88.  list count = 2
[LOG] SystemI::createSound                     :     filename = FMOD RAV3/Build/Desktop/Master.bank : mode 02010082
[LOG] SystemI::createSound                     :     FMOD_NONBLOCKING specified.  Putting into queue to be opened asynchronously!
[LOG] SystemI::createSound                     :     setdata soundi = 0x7f8b451b6318 : node = 0x7f8b3f0c10f0
[LOG] SystemI::createSound                     :     add node to async list : head = 0x7f8b452e8f88.  list count = 3
[LOG] AsyncThread::threadFunc                  : Finished Asynchronous operation on sound 0x7f8b40b995c8
[LOG] AsyncThread::threadFunc                  : Starting Asynchronous operation on sound 0x7f8b40c410d8
[LOG] SystemI::createSoundInternal             :     Create name='FMOD RAV3/Build/Desktop/Master.bank', mode=0x02010082
[LOG] SystemI::createSoundInternal             :     exinfo->cbsize             = 224
[LOG] SystemI::createSoundInternal             :     exinfo->length             = 221920
[LOG] SystemI::createSoundInternal             :     exinfo->fileoffset         = 4352
[LOG] SystemI::createSoundInternal             :     exinfo->numsubsounds       = 1
[LOG] SystemI::createSoundInternal             :     exinfo->inclusionlist      = 0x7f8b429d8b00
[LOG] SystemI::createSoundInternal             :     exinfo->inclusionlistnum   = 1
[LOG] SystemI::createSoundInternal             :     exinfo->suggestedsoundtype = 5
[LOG] SystemI::createSoundInternal             :     exinfo->initialseekposition = 500
[LOG] SystemI::createSoundInternal             :     exinfo->initialseekpostype = 1
[LOG] SystemI::createSoundInternal             :     Stream 0/1: name='TXT noise Radiator vv', format=5, channels=2, frequency=48000, lengthbytes=201376, lengthpcm=738587, pcmblocksize=0, loopstart=0, loopend=0, mode=0x00000000, channelmask=0x00000000, channelorder=0, peakvolume=1.000000.
[LOG] AsyncThread::threadFunc                  : Finished Asynchronous operation on sound 0x7f8b40c410d8
[LOG] AsyncThread::threadFunc                  : Starting Asynchronous operation on sound 0x7f8b451b9f78
[LOG] SystemI::createSoundInternal             :     Create name='FMOD RAV3/Build/Desktop/Master.bank', mode=0x02010082
[LOG] SystemI::createSoundInternal             :     exinfo->cbsize             = 224
[LOG] SystemI::createSoundInternal             :     exinfo->length             = 221920
[LOG] SystemI::createSoundInternal             :     exinfo->fileoffset         = 4352
[LOG] SystemI::createSoundInternal             :     exinfo->numsubsounds       = 1
[LOG] SystemI::createSoundInternal             :     exinfo->inclusionlist      = 0x7f8b3f52df60
[LOG] SystemI::createSoundInternal             :     exinfo->inclusionlistnum   = 1
[LOG] SystemI::createSoundInternal             :     exinfo->suggestedsoundtype = 5
[LOG] SystemI::createSoundInternal             :     exinfo->initialseekposition = 500
[LOG] SystemI::createSoundInternal             :     exinfo->initialseekpostype = 1
[LOG] SystemI::createSoundInternal             :     Stream 0/1: name='TXT noise Radiator vv', format=5, channels=2, frequency=48000, lengthbytes=201376, lengthpcm=738587, pcmblocksize=0, loopstart=0, loopend=0, mode=0x00000000, channelmask=0x00000000, channelorder=0, peakvolume=1.000000.
[LOG] AsyncThread::threadFunc                  : Finished Asynchronous operation on sound 0x7f8b451b9f78
[LOG] AsyncThread::threadFunc                  : Starting Asynchronous operation on sound 0x7f8b451bd308
[LOG] SystemI::createSoundInternal             :     Create name='FMOD RAV3/Build/Desktop/Master.bank', mode=0x02010082
[LOG] SystemI::createSoundInternal             :     exinfo->cbsize             = 224
[LOG] SystemI::createSoundInternal             :     exinfo->length             = 221920
[LOG] SystemI::createSoundInternal             :     exinfo->fileoffset         = 4352
[LOG] SystemI::createSoundInternal             :     exinfo->numsubsounds       = 1
[LOG] SystemI::createSoundInternal             :     exinfo->inclusionlist      = 0x7f8b451ba2a0
[LOG] SystemI::createSoundInternal             :     exinfo->inclusionlistnum   = 1
[LOG] SystemI::createSoundInternal             :     exinfo->suggestedsoundtype = 5
[LOG] SystemI::createSoundInternal             :     exinfo->initialseekposition = 500
[LOG] SystemI::createSoundInternal             :     exinfo->initialseekpostype = 1
[LOG] SystemI::createSoundInternal             :     Stream 0/1: name='TXT noise Radiator vv', format=5, channels=2, frequency=48000, lengthbytes=201376, lengthpcm=738587, pcmblocksize=0, loopstart=0, loopend=0, mode=0x00000000, channelmask=0x00000000, channelorder=0, peakvolume=1.000000.
[LOG] AsyncThread::threadFunc                  : Finished Asynchronous operation on sound 0x7f8b451bd308
[LOG] AsyncThread::threadFunc                  : Starting Asynchronous operation on sound 0x7f8b451b6318
[LOG] SystemI::createSoundInternal             :     Create name='FMOD RAV3/Build/Desktop/Master.bank', mode=0x02010082
[LOG] SystemI::createSoundInternal             :     exinfo->cbsize             = 224
[LOG] SystemI::createSoundInternal             :     exinfo->length             = 221920
[LOG] SystemI::createSoundInternal             :     exinfo->fileoffset         = 4352
[LOG] SystemI::createSoundInternal             :     exinfo->numsubsounds       = 1
[LOG] SystemI::createSoundInternal             :     exinfo->inclusionlist      = 0x7f8b3f0c1200
[LOG] SystemI::createSoundInternal             :     exinfo->inclusionlistnum   = 1
[LOG] SystemI::createSoundInternal             :     exinfo->suggestedsoundtype = 5
[LOG] SystemI::createSoundInternal             :     exinfo->initialseekposition = 500
[LOG] SystemI::createSoundInternal             :     exinfo->initialseekpostype = 1
[LOG] SystemI::createSoundInternal             :     Stream 0/1: name='TXT noise Radiator vv', format=5, channels=2, frequency=48000, lengthbytes=201376, lengthpcm=738587, pcmblocksize=0, loopstart=0, loopend=0, mode=0x00000000, channelmask=0x00000000, channelorder=0, peakvolume=1.000000.
[LOG] AsyncThread::threadFunc                  : Finished Asynchronous operation on sound 0x7f8b451b6318
[LOG] SoundI::release                          : TXT noise Radiator vv (0x7f8b3f4562e8)
[LOG] SoundI::release                          :     TXT noise Radiator vv (0x7f8b40a8ada8)
[LOG] SoundI::release                          :     TXT noise Radiator vv (0x7f8b3f18b6c8)
[LOG] SoundI::release                          : TXT noise Radiator vv (0x7f8b3dca7758)
[LOG] SoundI::release                          :     TXT noise Radiator vv (0x7f8b3f1bb028)
[LOG] SoundI::release                          :     TXT noise Radiator vv (0x7f8b3f1bb1b8)
[LOG] SoundI::release                          : TXT noise Radiator vv (0x7f8b3dd6d4f8)
[LOG] SoundI::release                          :     TXT noise Radiator vv (0x7f8b3f0db858)
[LOG] SoundI::release                          :     TXT noise Radiator vv (0x7f8b3f0db9e8)
[LOG] SoundI::release                          : TXT noise Radiator vv (0x7f8b4528a638)
[LOG] SoundI::release                          :     TXT noise Radiator vv (0x7f8b452f30f8)
[LOG] SoundI::release                          :     TXT noise Radiator vv (0x7f8b3a564f98)
[LOG] SoundI::release                          : TXT noise Radiator vv (0x7f8b452f3428)
[LOG] SoundI::release                          :     TXT noise Radiator vv (0x7f8b3cfbc1e8)
[LOG] SoundI::release                          :     TXT noise Radiator vv (0x7f8b3cfbc378)
[LOG] SystemI::createSound                     : filename = FMOD RAV3/Build/Desktop/Master.bank : mode 02010082
[LOG] SystemI::createSound                     : FMOD_NONBLOCKING specified.  Putting into queue to be opened asynchronously!
[LOG] SystemI::createSound                     : setdata soundi = 0x7f8b3f4c9f28 : node = 0x7f8b42ddf3f0
[LOG] SystemI::createSound                     : add node to async list : head = 0x7f8b452e8f88.  list count = 0
[LOG] AsyncThread::threadFunc                  : Starting Asynchronous operation on sound 0x7f8b3f4c9f28
[LOG] SystemI::createSound                     : filename = FMOD RAV3/Build/Desktop/Master.bank : mode 02010082
[LOG] SystemI::createSoundInternal             :     Create name='FMOD RAV3/Build/Desktop/Master.bank', mode=0x02010082
[LOG] SystemI::createSound                     :     FMOD_NONBLOCKING specified.  Putting into queue to be opened asynchronously!
[LOG] SystemI::createSoundInternal             :     exinfo->cbsize             = 224
[LOG] SystemI::createSound                     :     setdata soundi = 0x7f8b40fb4708 : node = 0x7f8b54311c30
[LOG] SystemI::createSoundInternal             :     exinfo->length             = 221920
[LOG] SystemI::createSound                     :     add node to async list : head = 0x7f8b452e8f88.  list count = 0
[LOG] SystemI::createSoundInternal             :     exinfo->fileoffset         = 4352
[LOG] SystemI::createSoundInternal             :     exinfo->numsubsounds       = 1
[LOG] SystemI::createSoundInternal             :     exinfo->inclusionlist      = 0x7f8b42ddf500
[LOG] SystemI::createSoundInternal             :     exinfo->inclusionlistnum   = 1
[LOG] SystemI::createSoundInternal             :     exinfo->suggestedsoundtype = 5
[LOG] SystemI::createSoundInternal             :     exinfo->initialseekposition = 500
[LOG] SystemI::createSound                     :     filename = FMOD RAV3/Build/Desktop/Master.bank : mode 02010082
[LOG] SystemI::createSoundInternal             :     exinfo->initialseekpostype = 1
[LOG] SystemI::createSound                     :     FMOD_NONBLOCKING specified.  Putting into queue to be opened asynchronously!
[LOG] SystemI::createSound                     :     setdata soundi = 0x7f8b4296e5a8 : node = 0x7f8b54318300
[LOG] SystemI::createSound                     :     add node to async list : head = 0x7f8b452e8f88.  list count = 1
[LOG] SystemI::createSound                     :     filename = FMOD RAV3/Build/Desktop/Master.bank : mode 02010082
[LOG] SystemI::createSound                     :     FMOD_NONBLOCKING specified.  Putting into queue to be opened asynchronously!
[LOG] SystemI::createSoundInternal             :     Stream 0/1: name='TXT noise Radiator vv', format=5, channels=2, frequency=48000, lengthbytes=201376, lengthpcm=738587, pcmblocksize=0, loopstart=0, loopend=0, mode=0x00000000, channelmask=0x00000000, channelorder=0, peakvolume=1.000000.
[LOG] SystemI::createSound                     :     setdata soundi = 0x7f8b3de24a28 : node = 0x7f8b51732e80
[LOG] SystemI::createSound                     :     add node to async list : head = 0x7f8b452e8f88.  list count = 2
[LOG] SystemI::createSound                     :     filename = FMOD RAV3/Build/Desktop/Master.bank : mode 02010082
[LOG] SystemI::createSound                     :     FMOD_NONBLOCKING specified.  Putting into queue to be opened asynchronously!
[LOG] SystemI::createSound                     :     setdata soundi = 0x7f8b452f7278 : node = 0x7f8b455cb4e0
[LOG] SystemI::createSound                     :     add node to async list : head = 0x7f8b452e8f88.  list count = 3
[LOG] AsyncThread::threadFunc                  : Finished Asynchronous operation on sound 0x7f8b3f4c9f28
[LOG] AsyncThread::threadFunc                  : Starting Asynchronous operation on sound 0x7f8b40fb4708
[LOG] SystemI::createSoundInternal             :     Create name='FMOD RAV3/Build/Desktop/Master.bank', mode=0x02010082
[LOG] SystemI::createSoundInternal             :     exinfo->cbsize             = 224
[LOG] SystemI::createSoundInternal             :     exinfo->length             = 221920
[LOG] SystemI::createSoundInternal             :     exinfo->fileoffset         = 4352
[LOG] SystemI::createSoundInternal             :     exinfo->numsubsounds       = 1
[LOG] SystemI::createSoundInternal             :     exinfo->inclusionlist      = 0x7f8b54311d40
[LOG] SystemI::createSoundInternal             :     exinfo->inclusionlistnum   = 1
[LOG] SystemI::createSoundInternal             :     exinfo->suggestedsoundtype = 5
[LOG] SystemI::createSoundInternal             :     exinfo->initialseekposition = 500
[LOG] SystemI::createSoundInternal             :     exinfo->initialseekpostype = 1
[LOG] SystemI::createSoundInternal             :     Stream 0/1: name='TXT noise Radiator vv', format=5, channels=2, frequency=48000, lengthbytes=201376, lengthpcm=738587, pcmblocksize=0, loopstart=0, loopend=0, mode=0x00000000, channelmask=0x00000000, channelorder=0, peakvolume=1.000000.
[LOG] AsyncThread::threadFunc                  : Finished Asynchronous operation on sound 0x7f8b40fb4708
[LOG] AsyncThread::threadFunc                  : Starting Asynchronous operation on sound 0x7f8b4296e5a8
[LOG] SystemI::createSoundInternal             :     Create name='FMOD RAV3/Build/Desktop/Master.bank', mode=0x02010082
[LOG] SystemI::createSoundInternal             :     exinfo->cbsize             = 224
[LOG] SystemI::createSoundInternal             :     exinfo->length             = 221920
[LOG] SystemI::createSoundInternal             :     exinfo->fileoffset         = 4352
[LOG] SystemI::createSoundInternal             :     exinfo->numsubsounds       = 1
[LOG] SystemI::createSoundInternal             :     exinfo->inclusionlist      = 0x7f8b54318410
[LOG] SystemI::createSoundInternal             :     exinfo->inclusionlistnum   = 1
[LOG] SystemI::createSoundInternal             :     exinfo->suggestedsoundtype = 5
[LOG] SystemI::createSoundInternal             :     exinfo->initialseekposition = 500
[LOG] SystemI::createSoundInternal             :     exinfo->initialseekpostype = 1
[LOG] SystemI::createSoundInternal             :     Stream 0/1: name='TXT noise Radiator vv', format=5, channels=2, frequency=48000, lengthbytes=201376, lengthpcm=738587, pcmblocksize=0, loopstart=0, loopend=0, mode=0x00000000, channelmask=0x00000000, channelorder=0, peakvolume=1.000000.
[LOG] AsyncThread::threadFunc                  : Finished Asynchronous operation on sound 0x7f8b4296e5a8
[LOG] AsyncThread::threadFunc                  : Starting Asynchronous operation on sound 0x7f8b3de24a28
[LOG] SystemI::createSoundInternal             :     Create name='FMOD RAV3/Build/Desktop/Master.bank', mode=0x02010082
[LOG] SystemI::createSoundInternal             :     exinfo->cbsize             = 224
[LOG] SystemI::createSoundInternal             :     exinfo->length             = 221920
[LOG] SystemI::createSoundInternal             :     exinfo->fileoffset         = 4352
[LOG] SystemI::createSoundInternal             :     exinfo->numsubsounds       = 1
[LOG] SystemI::createSoundInternal             :     exinfo->inclusionlist      = 0x7f8b51732f90
[LOG] SystemI::createSoundInternal             :     exinfo->inclusionlistnum   = 1
[LOG] SystemI::createSoundInternal             :     exinfo->suggestedsoundtype = 5
[LOG] SystemI::createSoundInternal             :     exinfo->initialseekposition = 500
[LOG] SystemI::createSoundInternal             :     exinfo->initialseekpostype = 1
[LOG] SystemI::createSoundInternal             :     Stream 0/1: name='TXT noise Radiator vv', format=5, channels=2, frequency=48000, lengthbytes=201376, lengthpcm=738587, pcmblocksize=0, loopstart=0, loopend=0, mode=0x00000000, channelmask=0x00000000, channelorder=0, peakvolume=1.000000.
[LOG] AsyncThread::threadFunc                  : Finished Asynchronous operation on sound 0x7f8b3de24a28
[LOG] AsyncThread::threadFunc                  : Starting Asynchronous operation on sound 0x7f8b452f7278
[LOG] SystemI::createSoundInternal             :     Create name='FMOD RAV3/Build/Desktop/Master.bank', mode=0x02010082
[LOG] SystemI::createSoundInternal             :     exinfo->cbsize             = 224
[LOG] SystemI::createSoundInternal             :     exinfo->length             = 221920
[LOG] SystemI::createSoundInternal             :     exinfo->fileoffset         = 4352
[LOG] SystemI::createSoundInternal             :     exinfo->numsubsounds       = 1
[LOG] SystemI::createSoundInternal             :     exinfo->inclusionlist      = 0x7f8b455cb5f0
[LOG] SystemI::createSoundInternal             :     exinfo->inclusionlistnum   = 1
[LOG] SystemI::createSoundInternal             :     exinfo->suggestedsoundtype = 5
[LOG] SystemI::createSoundInternal             :     exinfo->initialseekposition = 500
[LOG] SystemI::createSoundInternal             :     exinfo->initialseekpostype = 1
[LOG] SystemI::createSoundInternal             :     Stream 0/1: name='TXT noise Radiator vv', format=5, channels=2, frequency=48000, lengthbytes=201376, lengthpcm=738587, pcmblocksize=0, loopstart=0, loopend=0, mode=0x00000000, channelmask=0x00000000, channelorder=0, peakvolume=1.000000.
[LOG] AsyncThread::threadFunc                  : Finished Asynchronous operation on sound 0x7f8b452f7278
[LOG] SoundI::release                          : TXT noise Radiator vv (0x7f8b451bd308)
[LOG] SoundI::release                          :     TXT noise Radiator vv (0x7f8b40ed27e8)
[LOG] SoundI::release                          :     TXT noise Radiator vv (0x7f8b451b2ad8)
[LOG] SoundI::release                          : TXT noise Radiator vv (0x7f8b451b6318)
[LOG] SoundI::release                          :     TXT noise Radiator vv (0x7f8b3f088e08)
[LOG] SoundI::release                          :     TXT noise Radiator vv (0x7f8b3f088f98)
[LOG] SoundI::release                          : TXT noise Radiator vv (0x7f8b40b995c8)
[LOG] SoundI::release                          :     TXT noise Radiator vv (0x7f8b3f4a9108)
[LOG] SoundI::release                          :     TXT noise Radiator vv (0x7f8b42a52738)
[LOG] SoundI::release                          : TXT noise Radiator vv (0x7f8b40c410d8)
[LOG] SoundI::release                          :     TXT noise Radiator vv (0x7f8b451c1dd8)
[LOG] SoundI::release                          :     TXT noise Radiator vv (0x7f8b451c1ba8)
[LOG] SoundI::release                          : TXT noise Radiator vv (0x7f8b451b9f78)
[LOG] SoundI::release                          :     TXT noise Radiator vv (0x7f8b3f5ee848)
[LOG] SoundI::release                          :     TXT noise Radiator vv (0x7f8b3f589fb8)
[LOG] SoundI::release                          : TXT noise Radiator vv (0x7f8b3de24a28)
[LOG] SoundI::release                          :     TXT noise Radiator vv (0x7f8b42a334e8)
[LOG] SoundI::release                          :     TXT noise Radiator vv (0x7f8b3f7ca758)
[LOG] SoundI::release                          : TXT noise Radiator vv (0x7f8b4296e5a8)
[LOG] SoundI::release                          :     TXT noise Radiator vv (0x7f8b45323ec8)
[LOG] SoundI::release                          :     TXT noise Radiator vv (0x7f8b42dd83a8)
[LOG] SoundI::release                          : TXT noise Radiator vv (0x7f8b40fb4708)
[LOG] SoundI::release                          :     TXT noise Radiator vv (0x7f8b4286f0f8)
[LOG] SoundI::release                          :     TXT noise Radiator vv (0x7f8b42a15998)
[LOG] SoundI::release                          : TXT noise Radiator vv (0x7f8b452f7278)
[LOG] SoundI::release                          :     TXT noise Radiator vv (0x7f8b4537e418)
[LOG] SoundI::release                          :     TXT noise Radiator vv (0x7f8b453ed568)
[LOG] SoundI::release                          : TXT noise Radiator vv (0x7f8b3f4c9f28)
[LOG] SoundI::release                          :     TXT noise Radiator vv (0x7f8b42817eb8)
[LOG] SoundI::release                          :     TXT noise Radiator vv (0x7f8b42d29f28)
[LOG] SoundI::release                          :  (0x7f8b42ddd518)
[LOG] SoundI::release                          :     FS_Concrete_01 (0x7f8b3f796538)
[LOG] SoundI::release                          :  (0x7f8b42a20588)
[LOG] SoundI::release                          :     FS_Concrete_02 (0x7f8b42efa778)
[LOG] SoundI::release                          :  (0x7f8b42e51808)
[LOG] SoundI::release                          :     FS_Concrete_03 (0x7f8b40d83ac8)
[LOG] SoundI::release                          :  (0x7f8b42e9cd68)
[LOG] SoundI::release                          :     FS_Concrete_04 (0x7f8b4538e128)
[LOG] Thread::callback                         : FMOD Studio update thread finished.
[LOG] Thread::callback                         : FMOD Studio bank load thread finished.
[LOG] Profile::disconnectAll                   : Profiler disconnecting all clients
[LOG] Thread::callback                         : FMOD Studio sample load thread finished.
[LOG] LiveUpdate::release                      : 
[LOG] LiveUpdate::reset                        : Reset connection (reason Disconnected)
[LOG] Thread::callback                         : FMOD stream thread finished.
[LOG] Thread::callback                         : FMOD mixer thread finished.
[LOG] Profile::disconnectAll                   : Profiler disconnecting all clients
[LOG] SystemI::close                           : Closed.
[LOG] Thread::callback                         : FMOD Studio bank load thread finished.
[LOG] Thread::callback                         : FMOD Studio sample load thread finished.
[LOG] LiveUpdate::release                      : 
[LOG] LiveUpdate::reset                        : Reset connection (reason Disconnected)
[LOG] Thread::callback                         : FMOD stream thread finished.
[LOG] Thread::callback                         : FMOD mixer thread finished.
[LOG] SystemI::close                           : Closed.
[LOG] Thread::callback                         : FMOD nonblocking thread (0) finished.
[LOG] Thread::callback                         : FMOD file thread finished.
